θών 24, 2016 4:50:15 PM ua.goit.timonov.antMaven.module031.SemaphoreMain initializeSemaphore
INFO: Semaphore is initialized. There are 10 available permits
θών 24, 2016 4:50:15 PM ua.goit.timonov.antMaven.module031.SimpleSemaphore acquire
INFO: Thread Thread-2 received 3 permits, 7 permits are available now
θών 24, 2016 4:50:15 PM ua.goit.timonov.antMaven.module031.SimpleSemaphore acquire
INFO: Thread Thread-3 received 5 permits, 2 permits are available now
θών 24, 2016 4:50:15 PM ua.goit.timonov.antMaven.module031.SimpleSemaphore acquire
INFO: Thread Thread-8 received 2 permits, 0 permits are available now
θών 24, 2016 4:50:15 PM ua.goit.timonov.antMaven.module031.SimpleSemaphore release
INFO: Thread Thread-3 released 5 permits, 5 permits are available now
θών 24, 2016 4:50:15 PM ua.goit.timonov.antMaven.module031.SimpleSemaphore acquire
INFO: Thread Thread-1 received 2 permits, 3 permits are available now
θών 24, 2016 4:50:15 PM ua.goit.timonov.antMaven.module031.SimpleSemaphore acquire
INFO: Thread Thread-5 received 3 permits, 0 permits are available now
θών 24, 2016 4:50:15 PM ua.goit.timonov.antMaven.module031.SimpleSemaphore release
INFO: Thread Thread-8 released 2 permits, 2 permits are available now
θών 24, 2016 4:50:15 PM ua.goit.timonov.antMaven.module031.SimpleSemaphore acquire
INFO: Thread Thread-10 received 2 permits, 0 permits are available now
θών 24, 2016 4:50:16 PM ua.goit.timonov.antMaven.module031.SimpleSemaphore release
INFO: Thread Thread-2 released 3 permits, 3 permits are available now
θών 24, 2016 4:50:16 PM ua.goit.timonov.antMaven.module031.SimpleSemaphore acquire
INFO: Thread Thread-18 received 2 permits, 1 permits are available now
θών 24, 2016 4:50:16 PM ua.goit.timonov.antMaven.module031.SimpleSemaphore acquire
INFO: Thread Thread-9 received 1 permit,  0 permits are available now
θών 24, 2016 4:50:16 PM ua.goit.timonov.antMaven.module031.SimpleSemaphore release
INFO: Thread Thread-1 released 2 permits, 2 permits are available now
θών 24, 2016 4:50:16 PM ua.goit.timonov.antMaven.module031.SimpleSemaphore release
INFO: Thread Thread-5 released 3 permits, 5 permits are available now
θών 24, 2016 4:50:16 PM ua.goit.timonov.antMaven.module031.SimpleSemaphore acquire
INFO: Thread Thread-14 received 3 permits, 2 permits are available now
θών 24, 2016 4:50:16 PM ua.goit.timonov.antMaven.module031.SimpleSemaphore acquire
INFO: Thread Thread-20 received 1 permit,  1 permits are available now
θών 24, 2016 4:50:16 PM ua.goit.timonov.antMaven.module031.SimpleSemaphore acquire
INFO: Thread Thread-16 received 1 permit,  0 permits are available now
θών 24, 2016 4:50:16 PM ua.goit.timonov.antMaven.module031.SimpleSemaphore release
INFO: Thread Thread-10 released 2 permits, 2 permits are available now
θών 24, 2016 4:50:16 PM ua.goit.timonov.antMaven.module031.SimpleSemaphore acquire
INFO: Thread Thread-13 received 1 permit,  1 permits are available now
θών 24, 2016 4:50:16 PM ua.goit.timonov.antMaven.module031.SimpleSemaphore acquire
INFO: Thread Thread-17 received 1 permit,  0 permits are available now
θών 24, 2016 4:50:16 PM ua.goit.timonov.antMaven.module031.SimpleSemaphore release
INFO: Thread Thread-9 released 1 permit,  1 permits are available now
θών 24, 2016 4:50:16 PM ua.goit.timonov.antMaven.module031.SimpleSemaphore release
INFO: Thread Thread-18 released 2 permits, 3 permits are available now
θών 24, 2016 4:50:16 PM ua.goit.timonov.antMaven.module031.SimpleSemaphore acquire
INFO: Thread Thread-12 received 2 permits, 1 permits are available now
θών 24, 2016 4:50:16 PM ua.goit.timonov.antMaven.module031.SimpleSemaphore acquire
INFO: Thread Thread-15 received 1 permit,  0 permits are available now
θών 24, 2016 4:50:16 PM ua.goit.timonov.antMaven.module031.SimpleSemaphore release
INFO: Thread Thread-20 released 1 permit,  1 permits are available now
θών 24, 2016 4:50:16 PM ua.goit.timonov.antMaven.module031.SimpleSemaphore release
INFO: Thread Thread-16 released 1 permit,  2 permits are available now
θών 24, 2016 4:50:16 PM ua.goit.timonov.antMaven.module031.SimpleSemaphore release
INFO: Thread Thread-14 released 3 permits, 5 permits are available now
θών 24, 2016 4:50:16 PM ua.goit.timonov.antMaven.module031.SimpleSemaphore acquire
INFO: Thread Thread-7 received 5 permits, 0 permits are available now
θών 24, 2016 4:50:16 PM ua.goit.timonov.antMaven.module031.SimpleSemaphore release
INFO: Thread Thread-13 released 1 permit,  1 permits are available now
θών 24, 2016 4:50:16 PM ua.goit.timonov.antMaven.module031.SimpleSemaphore release
INFO: Thread Thread-17 released 1 permit,  2 permits are available now
θών 24, 2016 4:50:16 PM ua.goit.timonov.antMaven.module031.SimpleSemaphore release
INFO: Thread Thread-12 released 2 permits, 4 permits are available now
θών 24, 2016 4:50:16 PM ua.goit.timonov.antMaven.module031.SimpleSemaphore acquire
INFO: Thread Thread-6 received 4 permits, 0 permits are available now
θών 24, 2016 4:50:16 PM ua.goit.timonov.antMaven.module031.SimpleSemaphore release
INFO: Thread Thread-15 released 1 permit,  1 permits are available now
θών 24, 2016 4:50:16 PM ua.goit.timonov.antMaven.module031.SimpleSemaphore release
INFO: Thread Thread-7 released 5 permits, 6 permits are available now
θών 24, 2016 4:50:16 PM ua.goit.timonov.antMaven.module031.SimpleSemaphore acquire
INFO: Thread Thread-4 received 4 permits, 2 permits are available now
θών 24, 2016 4:50:16 PM ua.goit.timonov.antMaven.module031.SimpleSemaphore release
INFO: Thread Thread-6 released 4 permits, 6 permits are available now
θών 24, 2016 4:50:16 PM ua.goit.timonov.antMaven.module031.SimpleSemaphore acquire
INFO: Thread Thread-11 received 4 permits, 2 permits are available now
θών 24, 2016 4:50:16 PM ua.goit.timonov.antMaven.module031.SimpleSemaphore release
INFO: Thread Thread-4 released 4 permits, 6 permits are available now
θών 24, 2016 4:50:16 PM ua.goit.timonov.antMaven.module031.SimpleSemaphore acquire
INFO: Thread Thread-19 received 3 permits, 3 permits are available now
θών 24, 2016 4:50:16 PM ua.goit.timonov.antMaven.module031.SimpleSemaphore release
INFO: Thread Thread-11 released 4 permits, 7 permits are available now
θών 24, 2016 4:50:16 PM ua.goit.timonov.antMaven.module031.SimpleSemaphore release
INFO: Thread Thread-19 released 3 permits, 10 permits are available now
timonov.antMaven.module031.Worker receiveSemaphorePermits
INFO: 					 Thread Thread-7 is trying to get 5 permits
θών 24, 2016 4:50:15 PM ua.goit.timonov.antMaven.module031.Worker receiveSemaphorePermits
INFO: 					 Thread Thread-1 is trying to get 2 permits
θών 24, 2016 4:50:15 PM ua.goit.timonov.antMaven.module031.SimpleSemaphore release
INFO: Thread Thread-3 released 5 permits, 5 permits are available now
θών 24, 2016 4:50:15 PM ua.goit.timonov.antMaven.module031.SimpleSemaphore acquire
INFO: Thread Thread-1 received 2 permits, 3 permits are available now
θών 24, 2016 4:50:15 PM ua.goit.timonov.antMaven.module031.Worker receiveSemaphorePermits
INFO: 					 Thread Thread-1 has got 2 permits
θών 24, 2016 4:50:15 PM ua.goit.timonov.antMaven.module031.SimpleSemaphore acquire
INFO: Thread Thread-5 received 3 permits, 0 permits are available now
θών 24, 2016 4:50:15 PM ua.goit.timonov.antMaven.module031.Worker receiveSemaphorePermits
INFO: 					 Thread Thread-5 has got 3 permits
θών 24, 2016 4:50:15 PM ua.goit.timonov.antMaven.module031.Worker releaseSemaphorePermits
INFO: 					 Thread Thread-3 stops working
θών 24, 2016 4:50:15 PM ua.goit.timonov.antMaven.module031.Worker startWorking
INFO: 					 Thread Thread-18 starts working, it requires 2 permits
θών 24, 2016 4:50:15 PM ua.goit.timonov.antMaven.module031.Worker receiveSemaphorePermits
INFO: 					 Thread Thread-18 is trying to get 2 permits
θών 24, 2016 4:50:15 PM ua.goit.timonov.antMaven.module031.SimpleSemaphore release
INFO: Thread Thread-8 released 2 permits, 2 permits are available now
θών 24, 2016 4:50:15 PM ua.goit.timonov.antMaven.module031.Worker releaseSemaphorePermits
INFO: 					 Thread Thread-8 stops working
θών 24, 2016 4:50:15 PM ua.goit.timonov.antMaven.module031.SimpleSemaphore acquire
INFO: Thread Thread-10 received 2 permits, 0 permits are available now
θών 24, 2016 4:50:15 PM ua.goit.timonov.antMaven.module031.Worker receiveSemaphorePermits
INFO: 					 Thread Thread-10 has got 2 permits
θών 24, 2016 4:50:16 PM ua.goit.timonov.antMaven.module031.SimpleSemaphore release
INFO: Thread Thread-2 released 3 permits, 3 permits are available now
θών 24, 2016 4:50:16 PM ua.goit.timonov.antMaven.module031.Worker releaseSemaphorePermits
INFO: 					 Thread Thread-2 stops working
θών 24, 2016 4:50:16 PM ua.goit.timonov.antMaven.module031.SimpleSemaphore acquire
INFO: Thread Thread-18 received 2 permits, 1 permits are available now
θών 24, 2016 4:50:16 PM ua.goit.timonov.antMaven.module031.Worker receiveSemaphorePermits
INFO: 					 Thread Thread-18 has got 2 permits
θών 24, 2016 4:50:16 PM ua.goit.timonov.antMaven.module031.SimpleSemaphore acquire
INFO: Thread Thread-9 received 1 permit,  0 permits are available now
θών 24, 2016 4:50:16 PM ua.goit.timonov.antMaven.module031.Worker receiveSemaphorePermits
INFO: 					 Thread Thread-9 has got one permit
θών 24, 2016 4:50:16 PM ua.goit.timonov.antMaven.module031.SimpleSemaphore release
INFO: Thread Thread-1 released 2 permits, 2 permits are available now
θών 24, 2016 4:50:16 PM ua.goit.timonov.antMaven.module031.Worker releaseSemaphorePermits
INFO: 					 Thread Thread-1 stops working
θών 24, 2016 4:50:16 PM ua.goit.timonov.antMaven.module031.SimpleSemaphore release
INFO: Thread Thread-5 released 3 permits, 5 permits are available now
θών 24, 2016 4:50:16 PM ua.goit.timonov.antMaven.module031.Worker releaseSemaphorePermits
INFO: 					 Thread Thread-5 stops working
θών 24, 2016 4:50:16 PM ua.goit.timonov.antMaven.module031.SimpleSemaphore acquire
INFO: Thread Thread-14 received 3 permits, 2 permits are available now
θών 24, 2016 4:50:16 PM ua.goit.timonov.antMaven.module031.Worker receiveSemaphorePermits
INFO: 					 Thread Thread-14 has got 3 permits
θών 24, 2016 4:50:16 PM ua.goit.timonov.antMaven.module031.SimpleSemaphore acquire
INFO: Thread Thread-20 received 1 permit,  1 permits are available now
θών 24, 2016 4:50:16 PM ua.goit.timonov.antMaven.module031.Worker receiveSemaphorePermits
INFO: 					 Thread Thread-20 has got one permit
θών 24, 2016 4:50:16 PM ua.goit.timonov.antMaven.module031.SimpleSemaphore acquire
INFO: Thread Thread-16 received 1 permit,  0 permits are available now
θών 24, 2016 4:50:16 PM ua.goit.timonov.antMaven.module031.Worker receiveSemaphorePermits
INFO: 					 Thread Thread-16 has got one permit
θών 24, 2016 4:50:16 PM ua.goit.timonov.antMaven.module031.SimpleSemaphore release
INFO: Thread Thread-10 released 2 permits, 2 permits are available now
θών 24, 2016 4:50:16 PM ua.goit.timonov.antMaven.module031.Worker releaseSemaphorePermits
INFO: 					 Thread Thread-10 stops working
θών 24, 2016 4:50:16 PM ua.goit.timonov.antMaven.module031.SimpleSemaphore acquire
INFO: Thread Thread-13 received 1 permit,  1 permits are available now
θών 24, 2016 4:50:16 PM ua.goit.timonov.antMaven.module031.Worker receiveSemaphorePermits
INFO: 					 Thread Thread-13 has got one permit
θών 24, 2016 4:50:16 PM ua.goit.timonov.antMaven.module031.SimpleSemaphore acquire
INFO: Thread Thread-17 received 1 permit,  0 permits are available now
θών 24, 2016 4:50:16 PM ua.goit.timonov.antMaven.module031.Worker receiveSemaphorePermits
INFO: 					 Thread Thread-17 has got one permit
θών 24, 2016 4:50:16 PM ua.goit.timonov.antMaven.module031.SimpleSemaphore release
INFO: Thread Thread-9 released 1 permit,  1 permits are available now
θών 24, 2016 4:50:16 PM ua.goit.timonov.antMaven.module031.Worker releaseSemaphorePermits
INFO: 					 Thread Thread-9 stops working
θών 24, 2016 4:50:16 PM ua.goit.timonov.antMaven.module031.SimpleSemaphore release
INFO: Thread Thread-18 released 2 permits, 3 permits are available now
θών 24, 2016 4:50:16 PM ua.goit.timonov.antMaven.module031.Worker releaseSemaphorePermits
INFO: 					 Thread Thread-18 stops working
θών 24, 2016 4:50:16 PM ua.goit.timonov.antMaven.module031.SimpleSemaphore acquire
INFO: Thread Thread-12 received 2 permits, 1 permits are available now
θών 24, 2016 4:50:16 PM ua.goit.timonov.antMaven.module031.Worker receiveSemaphorePermits
INFO: 					 Thread Thread-12 has got 2 permits
θών 24, 2016 4:50:16 PM ua.goit.timonov.antMaven.module031.SimpleSemaphore acquire
INFO: Thread Thread-15 received 1 permit,  0 permits are available now
θών 24, 2016 4:50:16 PM ua.goit.timonov.antMaven.module031.Worker receiveSemaphorePermits
INFO: 					 Thread Thread-15 has got one permit
θών 24, 2016 4:50:16 PM ua.goit.timonov.antMaven.module031.SimpleSemaphore release
INFO: Thread Thread-20 released 1 permit,  1 permits are available now
θών 24, 2016 4:50:16 PM ua.goit.timonov.antMaven.module031.Worker releaseSemaphorePermits
INFO: 					 Thread Thread-20 stops working
θών 24, 2016 4:50:16 PM ua.goit.timonov.antMaven.module031.SimpleSemaphore release
INFO: Thread Thread-16 released 1 permit,  2 permits are available now
θών 24, 2016 4:50:16 PM ua.goit.timonov.antMaven.module031.Worker releaseSemaphorePermits
INFO: 					 Thread Thread-16 stops working
θών 24, 2016 4:50:16 PM ua.goit.timonov.antMaven.module031.SimpleSemaphore release
INFO: Thread Thread-14 released 3 permits, 5 permits are available now
θών 24, 2016 4:50:16 PM ua.goit.timonov.antMaven.module031.Worker releaseSemaphorePermits
INFO: 					 Thread Thread-14 stops working
θών 24, 2016 4:50:16 PM ua.goit.timonov.antMaven.module031.SimpleSemaphore acquire
INFO: Thread Thread-7 received 5 permits, 0 permits are available now
θών 24, 2016 4:50:16 PM ua.goit.timonov.antMaven.module031.Worker receiveSemaphorePermits
INFO: 					 Thread Thread-7 has got 5 permits
θών 24, 2016 4:50:16 PM ua.goit.timonov.antMaven.module031.SimpleSemaphore release
INFO: Thread Thread-13 released 1 permit,  1 permits are available now
θών 24, 2016 4:50:16 PM ua.goit.timonov.antMaven.module031.Worker releaseSemaphorePermits
INFO: 					 Thread Thread-13 stops working
θών 24, 2016 4:50:16 PM ua.goit.timonov.antMaven.module031.SimpleSemaphore release
INFO: Thread Thread-17 released 1 permit,  2 permits are available now
θών 24, 2016 4:50:16 PM ua.goit.timonov.antMaven.module031.Worker releaseSemaphorePermits
INFO: 					 Thread Thread-17 stops working
θών 24, 2016 4:50:16 PM ua.goit.timonov.antMaven.module031.SimpleSemaphore release
INFO: Thread Thread-12 released 2 permits, 4 permits are available now
θών 24, 2016 4:50:16 PM ua.goit.timonov.antMaven.module031.Worker releaseSemaphorePermits
INFO: 					 Thread Thread-12 stops working
θών 24, 2016 4:50:16 PM ua.goit.timonov.antMaven.module031.SimpleSemaphore acquire
INFO: Thread Thread-6 received 4 permits, 0 permits are available now
θών 24, 2016 4:50:16 PM ua.goit.timonov.antMaven.module031.Worker receiveSemaphorePermits
INFO: 					 Thread Thread-6 has got 4 permits
θών 24, 2016 4:50:16 PM ua.goit.timonov.antMaven.module031.SimpleSemaphore release
INFO: Thread Thread-15 released 1 permit,  1 permits are available now
θών 24, 2016 4:50:16 PM ua.goit.timonov.antMaven.module031.Worker releaseSemaphorePermits
INFO: 					 Thread Thread-15 stops working
θών 24, 2016 4:50:16 PM ua.goit.timonov.antMaven.module031.SimpleSemaphore release
INFO: Thread Thread-7 released 5 permits, 6 permits are available now
θών 24, 2016 4:50:16 PM ua.goit.timonov.antMaven.module031.Worker releaseSemaphorePermits
INFO: 					 Thread Thread-7 stops working
θών 24, 2016 4:50:16 PM ua.goit.timonov.antMaven.module031.SimpleSemaphore acquire
INFO: Thread Thread-4 received 4 permits, 2 permits are available now
θών 24, 2016 4:50:16 PM ua.goit.timonov.antMaven.module031.Worker receiveSemaphorePermits
INFO: 					 Thread Thread-4 has got 4 permits
θών 24, 2016 4:50:16 PM ua.goit.timonov.antMaven.module031.SimpleSemaphore release
INFO: Thread Thread-6 released 4 permits, 6 permits are available now
θών 24, 2016 4:50:16 PM ua.goit.timonov.antMaven.module031.Worker releaseSemaphorePermits
INFO: 					 Thread Thread-6 stops working
θών 24, 2016 4:50:16 PM ua.goit.timonov.antMaven.module031.SimpleSemaphore acquire
INFO: Thread Thread-11 received 4 permits, 2 permits are available now
θών 24, 2016 4:50:16 PM ua.goit.timonov.antMaven.module031.Worker receiveSemaphorePermits
INFO: 					 Thread Thread-11 has got 4 permits
θών 24, 2016 4:50:16 PM ua.goit.timonov.antMaven.module031.SimpleSemaphore release
INFO: Thread Thread-4 released 4 permits, 6 permits are available now
θών 24, 2016 4:50:16 PM ua.goit.timonov.antMaven.module031.Worker releaseSemaphorePermits
INFO: 					 Thread Thread-4 stops working
θών 24, 2016 4:50:16 PM ua.goit.timonov.antMaven.module031.SimpleSemaphore acquire
INFO: Thread Thread-19 received 3 permits, 3 permits are available now
θών 24, 2016 4:50:16 PM ua.goit.timonov.antMaven.module031.Worker receiveSemaphorePermits
INFO: 					 Thread Thread-19 has got 3 permits
θών 24, 2016 4:50:16 PM ua.goit.timonov.antMaven.module031.SimpleSemaphore release
INFO: Thread Thread-11 released 4 permits, 7 permits are available now
θών 24, 2016 4:50:16 PM ua.goit.timonov.antMaven.module031.Worker releaseSemaphorePermits
INFO: 					 Thread Thread-11 stops working
θών 24, 2016 4:50:16 PM ua.goit.timonov.antMaven.module031.SimpleSemaphore release
INFO: Thread Thread-19 released 3 permits, 10 permits are available now
θών 24, 2016 4:50:16 PM ua.goit.timonov.antMaven.module031.Worker releaseSemaphorePermits
INFO: 					 Thread Thread-19 stops working
